2.4706253
1.2122226
2.6053981
0.64156372
1.026242
0.052752584
1.1012856
-0.130879
0.018506873
1.5635035
3.329553
0.24293883
0.33507584
-0.39213446
2.4304373
0.034867229
3.3303624
1.2533613
0.30921854
1.1685316
3.0793958
0.7068411
0.54628988
0.56078738
-0.2865685
1.6687758
0.20071461
2.394652
-0.38777054
-0.40666389
-0.81172384
0.94944989
0.94944989
1.9132101
0.94301711
0.58926575
0.77991018
-1.102852
0.36867841
2.1757579
-0.33282146
-0.48426336
-0.50137724
-0.032130635
0.28031567
-1.1942482
-0.098353139
-0.23123563
-0.495545
-0.43603141
-0.54387971
-0.95525162
-0.11782318
-0.57794758
0.026284386
0.74136446
0.093001909
0.67718275
-0.028537273
-0.84760052
0.47015241
1.3752318
1.3989617
0.51319125
2.6635196
4.262275
1.994016
0.24002653
0.47564599
4.1599529
